<?xml version="1.0" encoding="UTF-8"?>
<testng-results skipped="0" failed="0" ignored="0" total="1" passed="1">
  <reporter-output>
  </reporter-output>
  <suite name="Default suite" duration-ms="13217" started-at="2019-12-05T11:23:56 IST" finished-at="2019-12-05T11:24:09 IST">
    <groups>
    </groups>
    <test name="Default test" duration-ms="13217" started-at="2019-12-05T11:23:56 IST" finished-at="2019-12-05T11:24:09 IST">
      <class name="PackageTest3.javaTest3">
        <test-method status="PASS" signature="login()[pri:0, instance:PackageTest3.javaTest3@67b92f0a]" name="login" duration-ms="13154" started-at="2019-12-05T11:23:56 IST" finished-at="2019-12-05T11:24:09 IST">
          <reporter-output>
          </reporter-output>
        </test-method> <!-- login -->
      </class> <!-- PackageTest3.javaTest3 -->
    </test> <!-- Default test -->
  </suite> <!-- Default suite -->
</testng-results>
